\BOOKMARK [0][-]{chapter.1}{\376\377\000I\000n\000t\000r\000o\000d\000u\000c\000t\000i\000o\000n}{}% 1
\BOOKMARK [0][-]{chapter.2}{\376\377\000T\000h\000e\000\040\000M\000u\000l\000t\000i\000d\000i\000m\000e\000n\000s\000i\000o\000n\000a\000l\000\040\000S\000i\000g\000n\000a\000l\000:\000\040\000L\000a\000y\000e\000r\000s\000\040\000o\000f\000\040\000M\000e\000a\000n\000i\000n\000g\000\040\000i\000n\000\040\000S\000p\000o\000k\000e\000n\000\040\000L\000a\000n\000g\000u\000a\000g\000e}{}% 2
\BOOKMARK [1][-]{section.2.1}{\376\377\000E\000l\000e\000m\000e\000n\000t\000s\000\040\000o\000f\000\040\000s\000p\000o\000k\000e\000n\000\040\000l\000a\000n\000g\000u\000a\000g\000e}{chapter.2}% 3
\BOOKMARK [2][-]{subsection.2.1.1}{\376\377\000S\000e\000g\000m\000e\000n\000t\000s\000:\000\040\000T\000h\000e\000\040\000b\000u\000i\000l\000d\000i\000n\000g\000\040\000b\000l\000o\000c\000k\000s\000\040\000o\000f\000\040\000m\000e\000a\000n\000i\000n\000g\000f\000u\000l\000\040\000u\000n\000i\000t\000s}{section.2.1}% 4
\BOOKMARK [2][-]{subsection.2.1.2}{\376\377\000S\000u\000p\000r\000a\000s\000e\000g\000m\000e\000n\000t\000a\000l\000s\000:\000\040\000P\000r\000o\000s\000o\000d\000y}{section.2.1}% 5
\BOOKMARK [1][-]{section.2.2}{\376\377\000L\000i\000n\000g\000u\000i\000s\000t\000i\000c\000\040\000r\000e\000s\000e\000a\000r\000c\000h\000\040\000o\000n\000\040\000s\000p\000o\000k\000e\000n\000\040\000l\000a\000n\000g\000u\000a\000g\000e}{chapter.2}% 6
\BOOKMARK [1][-]{section.2.3}{\376\377\000T\000o\000o\000l\000s\000\040\000f\000o\000r\000\040\000i\000n\000v\000e\000s\000t\000i\000g\000a\000t\000i\000n\000g\000\040\000s\000p\000o\000k\000e\000n\000\040\000l\000a\000n\000g\000u\000a\000g\000e}{chapter.2}% 7
\BOOKMARK [2][-]{subsection.2.3.1}{\376\377\000P\000r\000a\000a\000t}{section.2.3}% 8
\BOOKMARK [2][-]{subsection.2.3.2}{\376\377\000E\000L\000A\000N}{section.2.3}% 9
\BOOKMARK [2][-]{subsection.2.3.3}{\376\377\000R\000o\000o\000m\000\040\000f\000o\000r\000\040\000i\000m\000p\000r\000o\000v\000e\000m\000e\000n\000t}{section.2.3}% 10
\BOOKMARK [0][-]{chapter.3}{\376\377\000A\000u\000t\000o\000m\000a\000t\000e\000d\000\040\000s\000p\000e\000e\000c\000h\000\040\000r\000e\000c\000o\000g\000n\000i\000t\000i\000o\000n\000\040\000a\000n\000d\000\040\000s\000p\000e\000e\000c\000h\000\040\000a\000n\000a\000l\000y\000s\000i\000s\000\040\000t\000o\000o\000l\000s}{}% 11
\BOOKMARK [1][-]{section.3.1}{\376\377\000A\000u\000t\000o\000m\000a\000t\000e\000d\000\040\000s\000p\000e\000e\000c\000h\000\040\000r\000e\000c\000o\000g\000n\000i\000t\000i\000o\000n}{chapter.3}% 12
\BOOKMARK [1][-]{section.3.2}{\376\377\000S\000p\000e\000e\000c\000h\000\040\000r\000e\000c\000o\000g\000n\000i\000z\000e\000r\000s\000,\000\040\000p\000h\000o\000n\000e\000m\000e\000\040\000a\000l\000i\000g\000n\000e\000r\000s\000,\000\040\000a\000n\000d\000\040\000p\000r\000o\000s\000o\000d\000y\000\040\000r\000e\000c\000o\000g\000n\000i\000z\000e\000r\000s}{chapter.3}% 13
\BOOKMARK [2][-]{subsection.3.2.1}{\376\377\000S\000p\000e\000e\000c\000h\000\040\000r\000e\000c\000o\000g\000n\000i\000z\000e\000r\000:\000\040\000w\000a\000v\0002\000v\000e\000c\000,\000\040\000H\000u\000B\000E\000R\000T\000,\000\040\000W\000h\000i\000s\000p\000e\000r}{section.3.2}% 14
\BOOKMARK [2][-]{subsection.3.2.2}{\376\377\000P\000h\000o\000n\000e\000m\000e\000\040\000a\000l\000i\000g\000n\000e\000r\000s\000:\000\040\000M\000o\000n\000t\000r\000e\000a\000l\000\040\000F\000o\000r\000c\000e\000d\000\040\000A\000l\000i\000g\000n\000e\000r\000\040\000\050\000M\000F\000A\000\051}{section.3.2}% 15
\BOOKMARK [2][-]{subsection.3.2.3}{\376\377\000C\000h\000o\000i\000c\000e\000\040\000o\000f\000\040\000L\000a\000n\000g\000u\000a\000g\000e\000s\000\040\000a\000n\000d\000\040\000D\000a\000t\000a\000s\000e\000t\000s}{section.3.2}% 16
\BOOKMARK [2][-]{subsection.3.2.4}{\376\377\000T\000e\000c\000h\000n\000i\000c\000a\000l\000\040\000R\000e\000a\000l\000i\000z\000a\000t\000i\000o\000n\000\040\000a\000n\000d\000\040\000T\000o\000o\000l\000\040\000T\000r\000a\000d\000e\000-\000o\000f\000f\000s}{section.3.2}% 17
\BOOKMARK [2][-]{subsection.3.2.5}{\376\377\000P\000r\000o\000s\000o\000d\000y\000\040\000r\000e\000c\000o\000g\000n\000i\000z\000e\000r\000s\000:\000\040\000P\000r\000o\000s\000o\000d\000y\000P\000r\000o}{section.3.2}% 18
\BOOKMARK [0][-]{chapter.4}{\376\377\000A\000\040\000n\000e\000w\000\040\000t\000o\000o\000l\000:\000\040\000S\000p\000e\000e\000c\000h\000P\000r\000i\000n\000t}{}% 19
\BOOKMARK [1][-]{section.4.1}{\376\377\000M\000o\000t\000i\000v\000a\000t\000i\000o\000n}{chapter.4}% 20
\BOOKMARK [1][-]{section.4.2}{\376\377\000P\000h\000o\000n\000e\000m\000e\000\040\000i\000d\000e\000n\000t\000i\000f\000i\000c\000a\000t\000i\000o\000n}{chapter.4}% 21
\BOOKMARK [1][-]{section.4.3}{\376\377\000R\000e\000n\000d\000e\000r\000i\000n\000g\000\040\000o\000f\000\040\000P\000r\000o\000s\000o\000d\000y}{chapter.4}% 22
\BOOKMARK [0][-]{chapter.5}{\376\377\000T\000e\000s\000t\000i\000n\000g\000\040\000S\000p\000e\000e\000c\000h\000P\000r\000i\000n\000t}{}% 23
\BOOKMARK [1][-]{section.5.1}{\376\377\000C\000h\000o\000i\000c\000e\000\040\000o\000f\000\040\000l\000a\000n\000g\000u\000a\000g\000e\000s\000\040\000a\000n\000d\000\040\000r\000e\000c\000o\000r\000d\000i\000n\000g\000s}{chapter.5}% 24
\BOOKMARK [1][-]{section.5.2}{\376\377\000B\000e\000n\000c\000h\000m\000a\000r\000k\000s\000\040\000f\000o\000r\000\040\000p\000h\000o\000n\000e\000m\000e\000\040\000i\000d\000e\000n\000t\000i\000f\000i\000c\000a\000t\000i\000o\000n\000\040\000a\000n\000d\000\040\000a\000l\000i\000g\000n\000m\000e\000n\000t}{chapter.5}% 25
\BOOKMARK [2][-]{subsection.5.2.1}{\376\377\000S\000m\000a\000l\000l\000\040\000l\000a\000n\000g\000u\000a\000g\000e\000s\000:\000\040\000D\000o\000R\000e\000C\000o}{section.5.2}% 26
\BOOKMARK [1][-]{section.5.3}{\376\377\000B\000e\000n\000c\000h\000m\000a\000r\000k\000s\000\040\000f\000o\000r\000\040\000p\000r\000o\000s\000o\000d\000y}{chapter.5}% 27
\BOOKMARK [2][-]{subsection.5.3.1}{\376\377\000T\000e\000s\000t\000i\000n\000g\000\040\000p\000r\000o\000s\000o\000d\000y\000\040\000i\000d\000e\000n\000t\000i\000f\000i\000c\000a\000t\000i\000o\000n}{section.5.3}% 28
\BOOKMARK [1][-]{section.5.4}{\376\377\000R\000e\000s\000u\000l\000t\000s\000\040\000o\000f\000\040\000t\000h\000e\000\040\000t\000e\000s\000t\000i\000n\000g\000\040\000f\000o\000r\000\040\000t\000h\000e\000\040\000i\000n\000d\000i\000v\000i\000d\000u\000a\000l\000\040\000l\000a\000n\000g\000u\000a\000g\000e\000s}{chapter.5}% 29
\BOOKMARK [2][-]{subsection.5.4.1}{\376\377\000G\000e\000r\000m\000a\000n\000:\000\040\000G\000T\000o\000B\000I}{section.5.4}% 30
\BOOKMARK [0][-]{chapter.6}{\376\377\000U\000s\000e\000\040\000s\000c\000e\000n\000a\000r\000i\000o\000s}{}% 31
\BOOKMARK [1][-]{section.6.1}{\376\377\000S\000c\000i\000e\000n\000t\000i\000f\000i\000c\000\040\000u\000s\000e\000\040\000s\000c\000e\000n\000a\000r\000i\000o}{chapter.6}% 32
\BOOKMARK [1][-]{section.6.2}{\376\377\000A\000e\000s\000t\000h\000e\000t\000i\000c\000\040\000u\000s\000e\000\040\000s\000c\000e\000n\000a\000r\000i\000o}{chapter.6}% 33
\BOOKMARK [1][-]{section.6.3}{\376\377\000F\000u\000r\000t\000h\000e\000r\000\040\000d\000e\000v\000e\000l\000o\000p\000m\000e\000n\000t\000s}{chapter.6}% 34
\BOOKMARK [1][-]{section.6.4}{\376\377\000M\000o\000t\000i\000v\000a\000t\000i\000o\000n}{chapter.6}% 35
\BOOKMARK [1][-]{section.6.5}{\376\377\000O\000b\000j\000e\000c\000t\000i\000v\000e\000s}{chapter.6}% 36
\BOOKMARK [1][-]{section.6.6}{\376\377\000S\000t\000r\000u\000c\000t\000u\000r\000e\000\040\000o\000f\000\040\000t\000h\000e\000\040\000R\000e\000p\000o\000r\000t}{chapter.6}% 37
\BOOKMARK [0][-]{chapter.7}{\376\377\000M\000e\000t\000h\000o\000d\000s}{}% 38
\BOOKMARK [1][-]{section.7.1}{\376\377\000P\000i\000t\000c\000h\000\040\000E\000x\000t\000r\000a\000c\000t\000i\000o\000n\000\040\000a\000n\000d\000\040\000O\000c\000t\000a\000v\000e\000\040\000E\000r\000r\000o\000r\000\040\000C\000o\000r\000r\000e\000c\000t\000i\000o\000n}{chapter.7}% 39
\BOOKMARK [2][-]{subsection.7.1.1}{\376\377\000C\000o\000m\000p\000a\000r\000a\000t\000i\000v\000e\000\040\000E\000v\000a\000l\000u\000a\000t\000i\000o\000n\000:\000\040\000P\000r\000a\000a\000t\000,\000\040\000L\000i\000b\000r\000o\000s\000a\000\040\000p\000Y\000I\000N\000,\000\040\000a\000n\000d\000\040\000C\000R\000E\000P\000E}{section.7.1}% 40
\BOOKMARK [2][-]{subsection.7.1.2}{\376\377\000S\000p\000e\000a\000k\000e\000r\000-\000a\000d\000a\000p\000t\000i\000v\000e\000\040\000p\000i\000t\000c\000h\000\040\000r\000a\000n\000g\000e}{section.7.1}% 41
\BOOKMARK [2][-]{subsection.7.1.3}{\376\377\000F\000i\000n\000a\000l\000\040\000p\000i\000p\000e\000l\000i\000n\000e}{section.7.1}% 42
\BOOKMARK [1][-]{section.7.2}{\376\377\000S\000y\000s\000t\000e\000m\000\040\000A\000r\000c\000h\000i\000t\000e\000c\000t\000u\000r\000e\000\040\000a\000n\000d\000\040\000I\000m\000p\000l\000e\000m\000e\000n\000t\000a\000t\000i\000o\000n}{chapter.7}% 43
\BOOKMARK [1][-]{section.7.3}{\376\377\000S\000y\000l\000l\000a\000b\000i\000f\000i\000c\000a\000t\000i\000o\000n\000\040\000a\000n\000d\000\040\000N\000u\000c\000l\000e\000u\000s\000\040\000I\000d\000e\000n\000t\000i\000f\000i\000c\000a\000t\000i\000o\000n}{chapter.7}% 44
\BOOKMARK [1][-]{section.7.4}{\376\377\000P\000r\000o\000s\000o\000d\000y\000\040\000L\000a\000b\000e\000l\000l\000i\000n\000g\000\040\000A\000l\000g\000o\000r\000i\000t\000h\000m}{chapter.7}% 45
\BOOKMARK [1][-]{section.7.5}{\376\377\000A\000m\000p\000l\000i\000t\000u\000d\000e\000\040\000A\000n\000a\000l\000y\000s\000i\000s\000:\000\040\000W\000i\000n\000d\000o\000w\000\040\000S\000i\000z\000e\000\040\000a\000n\000d\000\040\000R\000e\000l\000a\000t\000i\000v\000e\000\040\000M\000e\000a\000s\000u\000r\000e\000m\000e\000n\000t}{chapter.7}% 46
\BOOKMARK [1][-]{section.7.6}{\376\377\000E\000v\000a\000l\000u\000a\000t\000i\000o\000n\000\040\000D\000e\000s\000i\000g\000n}{chapter.7}% 47
\BOOKMARK [2][-]{subsection.7.6.1}{\376\377\000A\000u\000t\000o\000m\000a\000t\000i\000c\000\040\000b\000e\000n\000c\000h\000m\000a\000r\000k\000:\000\040\000G\000T\000o\000B\000I\000\040\000c\000o\000m\000p\000a\000r\000i\000s\000o\000n}{section.7.6}% 48
\BOOKMARK [2][-]{subsection.7.6.2}{\376\377\000P\000e\000r\000c\000e\000p\000t\000u\000a\000l\000\040\000e\000v\000a\000l\000u\000a\000t\000i\000o\000n\000:\000\040\000q\000u\000e\000s\000t\000i\000o\000n\000n\000a\000i\000r\000e}{section.7.6}% 49
\BOOKMARK [1][-]{section.7.7}{\376\377\000D\000e\000m\000o\000\040\000D\000e\000s\000i\000g\000n\000:\000\040\000A\000S\000C\000I\000I\000\040\000P\000r\000o\000s\000o\000d\000y\000\040\000S\000y\000m\000b\000o\000l\000s\000\040\000a\000s\000\040\000V\000i\000s\000u\000a\000l\000\040\000R\000e\000p\000r\000e\000s\000e\000n\000t\000a\000t\000i\000o\000n}{chapter.7}% 50
\BOOKMARK [1][-]{section.7.8}{\376\377\000L\000i\000n\000g\000u\000i\000s\000t\000i\000c\000\040\000R\000a\000t\000i\000o\000n\000a\000l\000e\000\040\000f\000o\000r\000\040\000S\000y\000l\000l\000a\000b\000l\000e\000-\000L\000e\000v\000e\000l\000\040\000A\000n\000n\000o\000t\000a\000t\000i\000o\000n}{chapter.7}% 51
\BOOKMARK [1][-]{section.7.9}{\376\377\000A\000l\000g\000o\000r\000i\000t\000h\000m\000i\000c\000\040\000O\000p\000t\000i\000m\000i\000s\000a\000t\000i\000o\000n\000s\000\040\000t\000o\000\040\000t\000h\000e\000\040\000P\000r\000o\000s\000o\000d\000y\000\040\000L\000a\000b\000e\000l\000l\000e\000r}{chapter.7}% 52
\BOOKMARK [2][-]{subsection.7.9.1}{\376\377\000M\000A\000D\000-\000b\000a\000s\000e\000d\000\040\000a\000d\000a\000p\000t\000i\000v\000e\000\040\000t\000h\000r\000e\000s\000h\000o\000l\000d}{section.7.9}% 53
\BOOKMARK [2][-]{subsection.7.9.2}{\376\377\000U\000t\000t\000e\000r\000a\000n\000c\000e\000\040\000b\000o\000u\000n\000d\000a\000r\000y\000\040\000r\000e\000s\000e\000t}{section.7.9}% 54
\BOOKMARK [2][-]{subsection.7.9.3}{\376\377\000P\000i\000t\000c\000h\000\040\000d\000e\000c\000l\000i\000n\000a\000t\000i\000o\000n\000\040\000r\000e\000m\000o\000v\000a\000l}{section.7.9}% 55
\BOOKMARK [2][-]{subsection.7.9.4}{\376\377\000N\000u\000c\000l\000e\000u\000s\000\040\000e\000d\000g\000e\000\040\000t\000r\000i\000m\000m\000i\000n\000g}{section.7.9}% 56
\BOOKMARK [2][-]{subsection.7.9.5}{\376\377\000O\000c\000t\000a\000v\000e\000\040\000r\000e\000c\000o\000v\000e\000r\000y\000\040\000i\000n\000\040\000s\000p\000i\000k\000e\000\040\000r\000e\000m\000o\000v\000a\000l}{section.7.9}% 57
\BOOKMARK [1][-]{section.7.10}{\376\377\000A\000p\000p\000l\000i\000c\000a\000t\000i\000o\000n\000\040\000t\000o\000\040\000D\000o\000R\000e\000C\000o\000\040\000D\000a\000a\000k\000i\000e\000:\000\040\000E\000n\000d\000a\000n\000g\000e\000r\000e\000d\000-\000L\000a\000n\000g\000u\000a\000g\000e\000\040\000P\000i\000p\000e\000l\000i\000n\000e}{chapter.7}% 58
\BOOKMARK [2][-]{subsection.7.10.1}{\376\377\000T\000i\000e\000r\000\040\000s\000o\000u\000r\000c\000e\000s}{section.7.10}% 59
\BOOKMARK [2][-]{subsection.7.10.2}{\376\377\000S\000y\000l\000l\000a\000b\000i\000f\000i\000c\000a\000t\000i\000o\000n\000\040\000f\000r\000o\000m\000\040\000h\000u\000m\000a\000n\000-\000a\000n\000n\000o\000t\000a\000t\000e\000d\000\040\000p\000h\000o\000n\000e\000s}{section.7.10}% 60
\BOOKMARK [2][-]{subsection.7.10.3}{\376\377\000F\0000\000\040\000e\000x\000t\000r\000a\000c\000t\000i\000o\000n\000:\000\040\000C\000R\000E\000P\000E\000\040\000a\000t\000\040\000f\000u\000l\000l\000\040\000r\000e\000s\000o\000l\000u\000t\000i\000o\000n}{section.7.10}% 61
\BOOKMARK [2][-]{subsection.7.10.4}{\376\377\000C\000o\000m\000p\000a\000r\000a\000t\000i\000v\000e\000\040\000t\000r\000a\000c\000k\000e\000r\000\040\000e\000v\000a\000l\000u\000a\000t\000i\000o\000n\000\040\000o\000n\000\040\000D\000a\000a\000k\000i\000e}{section.7.10}% 62
\BOOKMARK [0][-]{chapter.8}{\376\377\000R\000e\000s\000u\000l\000t\000s}{}% 63
\BOOKMARK [1][-]{section.8.1}{\376\377\000P\000i\000t\000c\000h\000\040\000T\000r\000a\000c\000k\000e\000r\000\040\000C\000o\000m\000p\000a\000r\000i\000s\000o\000n}{chapter.8}% 64
\BOOKMARK [2][-]{subsection.8.1.1}{\376\377\000G\000e\000r\000m\000a\000n\000\040\000G\000T\000o\000B\000I\000\040\000s\000e\000n\000t\000e\000n\000c\000e\000s\000:\000\040\000a\000l\000l\000\040\000t\000r\000a\000c\000k\000e\000r\000s\000\040\000a\000g\000r\000e\000e}{section.8.1}% 65
\BOOKMARK [2][-]{subsection.8.1.2}{\376\377\000E\000n\000g\000l\000i\000s\000h\000\040\000r\000e\000c\000o\000r\000d\000i\000n\000g\000:\000\040\0002\0003\0008\000\040\000o\000c\000t\000a\000v\000e\000\040\000e\000r\000r\000o\000r\000s\000\040\000i\000n\000\040\0003\0000\000\040\000s\000e\000c\000o\000n\000d\000s}{section.8.1}% 66
\BOOKMARK [2][-]{subsection.8.1.3}{\376\377\000C\000o\000n\000s\000e\000q\000u\000e\000n\000c\000e\000\040\000f\000o\000r\000\040\000p\000r\000o\000s\000o\000d\000y\000\040\000l\000a\000b\000e\000l\000l\000i\000n\000g}{section.8.1}% 67
\BOOKMARK [2][-]{subsection.8.1.4}{\376\377\000T\000r\000a\000c\000k\000e\000r\000\040\000r\000e\000c\000o\000m\000m\000e\000n\000d\000a\000t\000i\000o\000n\000s}{section.8.1}% 68
\BOOKMARK [1][-]{section.8.2}{\376\377\000G\000T\000o\000B\000I\000\040\000C\000o\000m\000p\000a\000r\000i\000s\000o\000n}{chapter.8}% 69
\BOOKMARK [1][-]{section.8.3}{\376\377\000R\000e\000l\000a\000t\000i\000v\000e\000\040\000v\000s\000.\000\040\000A\000b\000s\000o\000l\000u\000t\000e\000\040\000M\000e\000a\000s\000u\000r\000e\000m\000e\000n\000t\000s}{chapter.8}% 70
\BOOKMARK [2][-]{subsection.8.3.1}{\376\377\000P\000i\000t\000c\000h\000:\000\040\000a\000b\000s\000o\000l\000u\000t\000e\000\040\000v\000s\000.\000\040\000r\000e\000l\000a\000t\000i\000v\000e}{section.8.3}% 71
\BOOKMARK [2][-]{subsection.8.3.2}{\376\377\000A\000m\000p\000l\000i\000t\000u\000d\000e\000:\000\040\000a\000b\000s\000o\000l\000u\000t\000e\000\040\000v\000s\000.\000\040\000r\000e\000l\000a\000t\000i\000v\000e}{section.8.3}% 72
\BOOKMARK [0][-]{chapter.9}{\376\377\000D\000e\000s\000i\000g\000n\000i\000n\000g\000\040\000a\000n\000d\000\040\000I\000m\000p\000l\000e\000m\000e\000n\000t\000i\000n\000g\000\040\000S\000p\000e\000e\000c\000h\000P\000r\000i\000n\000t}{}% 73
\BOOKMARK [1][-]{section.9.1}{\376\377\000I\000n\000i\000t\000i\000a\000l\000\040\000P\000r\000o\000t\000o\000t\000y\000p\000e}{chapter.9}% 74
\BOOKMARK [1][-]{section.9.2}{\376\377\000I\000m\000p\000l\000e\000m\000e\000n\000t\000i\000n\000g\000\040\000S\000p\000e\000e\000c\000h\000P\000r\000i\000n\000t\000-\000V\0002}{chapter.9}% 75
\BOOKMARK [2][-]{subsection.9.2.1}{\376\377\000S\000e\000l\000e\000c\000t\000i\000n\000g\000\040\000M\000u\000s\000i\000c\000a\000l\000\040\000F\000e\000a\000t\000u\000r\000e\000s\000\040\000f\000o\000r\000\040\000S\000p\000e\000e\000c\000h\000P\000r\000i\000n\000t\000-\000V\0002}{section.9.2}% 76
\BOOKMARK [1][-]{section.9.3}{\376\377\000M\000e\000t\000h\000o\000d\000s}{chapter.9}% 77
\BOOKMARK [1][-]{section.9.4}{\376\377\000R\000e\000s\000u\000l\000t\000s}{chapter.9}% 78
\BOOKMARK [2][-]{subsection.9.4.1}{\376\377\000O\000b\000j\000e\000c\000t\000i\000v\000e\000\040\000P\000e\000r\000f\000o\000r\000m\000a\000n\000c\000e\000\040\000M\000e\000t\000r\000i\000c\000s}{section.9.4}% 79
\BOOKMARK [2][-]{subsection.9.4.2}{\376\377\000P\000e\000r\000c\000e\000i\000v\000e\000d\000\040\000P\000e\000r\000f\000o\000r\000m\000a\000n\000c\000e\000\040\000M\000e\000t\000r\000i\000c\000s}{section.9.4}% 80
\BOOKMARK [2][-]{subsection.9.4.3}{\376\377\000X\000M\000e\000t\000r\000i\000c\000s}{section.9.4}% 81
\BOOKMARK [2][-]{subsection.9.4.4}{\376\377\000S\000e\000n\000t\000i\000m\000e\000n\000t\000\040\000A\000n\000a\000l\000y\000s\000i\000s\000\040\000\050\000R\000A\000V\000D\000E\000S\000S\000\051}{section.9.4}% 82
\BOOKMARK [1][-]{section.9.5}{\376\377\000F\000u\000t\000u\000r\000e\000\040\000D\000i\000r\000e\000c\000t\000i\000o\000n\000s}{chapter.9}% 83
\BOOKMARK [2][-]{subsection.9.5.1}{\376\377\000P\000r\000o\000s\000o\000d\000y\000\040\000R\000e\000s\000y\000n\000t\000h\000e\000s\000i\000s\000:\000\040\000F\000r\000o\000m\000\040\000A\000n\000n\000o\000t\000a\000t\000i\000o\000n\000\040\000t\000o\000\040\000S\000o\000u\000n\000d}{section.9.5}% 84
\BOOKMARK [2][-]{subsection.9.5.2}{\376\377\000A\000\040\000S\000p\000e\000e\000c\000h\000\040\000D\000A\000W\000:\000\040\000I\000n\000t\000e\000r\000a\000c\000t\000i\000v\000e\000\040\000P\000r\000o\000s\000o\000d\000y\000\040\000M\000a\000n\000i\000p\000u\000l\000a\000t\000i\000o\000n}{section.9.5}% 85
\BOOKMARK [2][-]{subsection.9.5.3}{\376\377\000A\000u\000t\000o\000m\000a\000t\000i\000c\000\040\000P\000r\000o\000s\000o\000d\000y\000\040\000C\000l\000a\000s\000s\000i\000f\000i\000c\000a\000t\000i\000o\000n}{section.9.5}% 86
\BOOKMARK [0][-]{section*.1}{\376\377\000L\000i\000s\000t\000\040\000o\000f\000\040\000F\000i\000g\000u\000r\000e\000s}{}% 87
\BOOKMARK [0][-]{section*.2}{\376\377\000L\000i\000s\000t\000\040\000o\000f\000\040\000T\000a\000b\000l\000e\000s}{}% 88
\BOOKMARK [0][-]{chapter.1}{\376\377\000S\000p\000e\000e\000c\000h\000P\000r\000i\000n\000t\000\040\000P\000r\000o\000s\000o\000d\000y\000\040\000O\000u\000t\000p\000u\000t\000:\000\040\000E\000n\000g\000l\000i\000s\000h\000\040\000M\000i\000n\000i\000m\000a\000l\000-\000P\000a\000i\000r\000\040\000C\000o\000r\000p\000u\000s}{}% 89
\BOOKMARK [0][-]{chapter.2}{\376\377\000G\000e\000r\000m\000a\000n\000\040\000G\000T\000o\000B\000I\000\040\000T\000r\000a\000i\000n\000i\000n\000g\000\040\000S\000e\000n\000t\000e\000n\000c\000e\000s\000:\000\040\000H\000u\000m\000a\000n\000\040\000A\000n\000n\000o\000t\000a\000t\000i\000o\000n\000\040\000v\000s\000.\000\040\000S\000p\000e\000e\000c\000h\000P\000r\000i\000n\000t}{}% 90
\BOOKMARK [0][-]{chapter.3}{\376\377\000D\000a\000a\000k\000i\000e\000\040\000\050\000D\000o\000R\000e\000C\000o\000\051\000:\000\040\000I\000t\000a\000l\000i\000a\000n\000\040\000a\000n\000d\000\040\000S\000p\000a\000n\000i\000s\000h\000\040\000M\000o\000d\000e\000l\000\040\000C\000o\000m\000p\000a\000r\000i\000s\000o\000n}{}% 91
